Terminals unused in grammar

    FLOAT
    NUMBER
    KEY_WORD
    FUNC
    ASSING
    DELIMITER
    OPERATORS
    POINT
    IDENT
    WHITESPACE
    COMMENT
    STRING_LITERAL
    STRING_SINGLE_QUOTE
    STRING_BACKTICK_TEMPLATE_LITERAL


Grammar

    0 $accept: program $end

    1 program: ε


Terminals, with rules where they appear

    $end (0) 0
    error (256)
    FLOAT (258)
    NUMBER (259)
    KEY_WORD (260)
    FUNC (261)
    ASSING (262)
    DELIMITER (263)
    OPERATORS (264)
    POINT (265)
    IDENT (266)
    WHITESPACE (267)
    COMMENT (268)
    STRING_LITERAL (269)
    STRING_SINGLE_QUOTE (270)
    STRING_BACKTICK_TEMPLATE_LITERAL (271)


Nonterminals, with rules where they appear

    $accept (17)
        on left: 0
    program (18)
        on left: 1
        on right: 0


State 0

    0 $accept: • program $end

    $default  reduce using rule 1 (program)

    program  go to state 1


State 1

    0 $accept: program • $end

    $end  shift, and go to state 2


State 2

    0 $accept: program $end •

    $default  accept
